<?xml version="1.0" encoding="UTF-8"?>
<testsuite xmlns:xsi="http://www.w3.org/2001/XMLSchema-instance" xsi:noNamespaceSchemaLocation="https://maven.apache.org/surefire/maven-surefire-plugin/xsd/surefire-test-report.xsd" name="com.example.bug.project.email.service.MailServiceImplTest" time="0.132" tests="1" errors="1" skipped="0" failures="0">
  <properties>
[...]
</properties>
  <testcase name="testMailServiceImpl" classname="com.example.bug.project.email.service.MailServiceImplTest" time="0.132">
    <error type="java.lang.NullPointerException">java.lang.NullPointerException
	at com.example.bug.project.email.service.MailServiceImplTest.testMailServiceImpl(MailServiceImplTest.java:33)
</error>
  </testcase>
</testsuite>